TN:
SF:lib/redis-leaderboard.js
FN:24,LeaderBoard
FN:40,addUserScore
FN:50,anonymous_2
FN:57,anonymous_3
FN:71,removeUserScore
FN:79,anonymous_5
FN:80,anonymous_6
FN:81,anonymous_7
FN:86,anonymous_8
FN:89,anonymous_9
FN:94,anonymous_10
FN:96,anonymous_11
FN:99,anonymous_12
FN:114,getUserScoreAndRank
FN:121,anonymous_14
FN:130,anonymous_15
FN:140,anonymous_16
FN:150,anonymous_17
FN:168,getActivity
FN:176,anonymous_19
FN:186,anonymous_20
FN:203,anonymous_21
FN:205,anonymous_22
FN:210,anonymous_23
FN:234,getActivities
FN:243,anonymous_25
FN:245,anonymous_26
FN:253,anonymous_27
FN:273,anonymous_28
FN:275,anonymous_29
FN:280,anonymous_30
FN:293,anonymous_31
FN:301,anonymous_32
FN:315,getUserActivities
FN:324,anonymous_34
FN:327,anonymous_35
FN:332,anonymous_36
FN:336,anonymous_37
FN:337,anonymous_38
FN:339,anonymous_39
FN:347,anonymous_40
FN:377,anonymous_41
FN:384,anonymous_42
FN:399,getActivityTopUsers
FN:407,anonymous_44
FN:409,anonymous_45
FN:414,anonymous_46
FN:420,anonymous_47
FNDA:1,LeaderBoard
FNDA:5,addUserScore
FNDA:5,anonymous_2
FNDA:5,anonymous_3
FNDA:2,removeUserScore
FNDA:2,anonymous_5
FNDA:1,anonymous_6
FNDA:1,anonymous_7
FNDA:1,anonymous_8
FNDA:2,anonymous_9
FNDA:2,anonymous_10
FNDA:1,anonymous_11
FNDA:2,anonymous_12
FNDA:4,getUserScoreAndRank
FNDA:4,anonymous_14
FNDA:3,anonymous_15
FNDA:3,anonymous_16
FNDA:3,anonymous_17
FNDA:2,getActivity
FNDA:2,anonymous_19
FNDA:2,anonymous_20
FNDA:1,anonymous_21
FNDA:2,anonymous_22
FNDA:2,anonymous_23
FNDA:1,getActivities
FNDA:1,anonymous_25
FNDA:2,anonymous_26
FNDA:4,anonymous_27
FNDA:1,anonymous_28
FNDA:4,anonymous_29
FNDA:4,anonymous_30
FNDA:3,anonymous_31
FNDA:4,anonymous_32
FNDA:2,getUserActivities
FNDA:2,anonymous_34
FNDA:2,anonymous_35
FNDA:2,anonymous_36
FNDA:2,anonymous_37
FNDA:2,anonymous_38
FNDA:2,anonymous_39
FNDA:4,anonymous_40
FNDA:1,anonymous_41
FNDA:2,anonymous_42
FNDA:5,getActivityTopUsers
FNDA:5,anonymous_44
FNDA:8,anonymous_45
FNDA:5,anonymous_46
FNDA:8,anonymous_47
FNF:48
FNH:48
BRDA:1,0,0,1
BRDA:24,1,0,1
BRDA:40,2,0,5
BRDA:50,3,0,5
BRDA:57,4,0,5
BRDA:71,5,0,2
BRDA:77,6,0,0
BRDA:79,7,0,2
BRDA:86,8,0,1
BRDA:80,9,0,1
BRDA:81,10,0,1
BRDA:86,11,0,1
BRDA:89,12,0,2
BRDA:91,13,0,1
BRDA:91,14,0,0
BRDA:91,15,0,1
BRDA:94,16,0,2
BRDA:96,17,0,1
BRDA:96,18,0,1
BRDA:99,19,0,2
BRDA:114,20,0,4
BRDA:121,21,0,4
BRDA:122,22,0,1
BRDA:124,23,0,3
BRDA:130,24,0,3
BRDA:131,25,0,2
BRDA:137,26,0,1
BRDA:140,27,0,3
BRDA:141,28,0,2
BRDA:147,29,0,1
BRDA:150,30,0,3
BRDA:151,31,0,2
BRDA:154,32,0,1
BRDA:168,33,0,2
BRDA:176,34,0,2
BRDA:177,35,0,1
BRDA:186,36,0,1
BRDA:188,37,0,2
BRDA:203,38,0,1
BRDA:205,39,0,2
BRDA:210,40,0,1
BRDA:214,41,0,2
BRDA:218,42,0,2
BRDA:234,43,0,1
BRDA:243,44,0,1
BRDA:245,45,0,2
BRDA:253,46,0,1
BRDA:256,47,0,2
BRDA:257,48,0,4
BRDA:273,49,0,1
BRDA:275,50,0,4
BRDA:280,51,0,1
BRDA:284,52,0,4
BRDA:288,53,0,4
BRDA:293,54,0,3
BRDA:294,55,0,0
BRDA:295,56,0,0
BRDA:301,57,0,4
BRDA:315,58,0,2
BRDA:324,59,0,2
BRDA:327,60,0,2
BRDA:332,61,0,2
BRDA:336,62,0,2
BRDA:337,63,0,2
BRDA:339,64,0,2
BRDA:347,65,0,2
BRDA:349,66,0,4
BRDA:350,67,0,2
BRDA:377,68,0,1
BRDA:378,69,0,0
BRDA:384,70,0,2
BRDA:399,71,0,5
BRDA:407,72,0,5
BRDA:409,73,0,8
BRDA:414,74,0,5
BRDA:420,75,0,5
BRDA:423,76,0,8
BRDA:428,77,0,7
BRF:78
BRH:73
DA:1,1
DA:2,1
DA:3,1
DA:4,1
DA:5,1
DA:6,1
DA:7,1
DA:8,1
DA:9,1
DA:10,1
DA:11,1
DA:12,1
DA:13,1
DA:14,1
DA:15,1
DA:16,1
DA:17,1
DA:18,1
DA:19,1
DA:20,1
DA:21,1
DA:22,1
DA:23,1
DA:24,1
DA:25,1
DA:26,1
DA:27,1
DA:28,1
DA:29,1
DA:30,1
DA:31,1
DA:32,1
DA:33,1
DA:34,1
DA:35,1
DA:36,1
DA:37,1
DA:38,1
DA:39,1
DA:40,1
DA:41,5
DA:42,5
DA:43,5
DA:44,5
DA:45,5
DA:46,5
DA:47,5
DA:48,5
DA:49,5
DA:50,5
DA:51,5
DA:52,5
DA:53,5
DA:54,5
DA:55,5
DA:56,5
DA:57,5
DA:58,5
DA:59,5
DA:60,5
DA:61,1
DA:62,1
DA:63,1
DA:64,1
DA:65,1
DA:66,1
DA:67,1
DA:68,1
DA:69,1
DA:70,1
DA:71,1
DA:72,2
DA:73,2
DA:74,2
DA:75,2
DA:76,2
DA:77,2
DA:78,2
DA:79,2
DA:80,2
DA:81,2
DA:82,1
DA:83,1
DA:84,2
DA:85,2
DA:86,2
DA:87,1
DA:88,2
DA:89,2
DA:90,2
DA:91,2
DA:92,1
DA:93,2
DA:94,2
DA:95,2
DA:96,2
DA:97,1
DA:98,2
DA:99,2
DA:100,2
DA:101,2
DA:102,2
DA:103,1
DA:104,1
DA:105,1
DA:106,1
DA:107,1
DA:108,1
DA:109,1
DA:110,1
DA:111,1
DA:112,1
DA:113,1
DA:114,1
DA:115,4
DA:116,4
DA:117,4
DA:118,4
DA:119,4
DA:120,4
DA:121,4
DA:122,4
DA:123,1
DA:124,1
DA:125,3
DA:126,3
DA:127,3
DA:128,3
DA:129,4
DA:130,4
DA:131,3
DA:132,2
DA:133,2
DA:134,2
DA:135,2
DA:136,2
DA:137,2
DA:138,1
DA:139,4
DA:140,4
DA:141,3
DA:142,2
DA:143,2
DA:144,2
DA:145,2
DA:146,2
DA:147,2
DA:148,1
DA:149,4
DA:150,4
DA:151,3
DA:152,2
DA:153,2
DA:154,2
DA:155,1
DA:156,4
DA:157,4
DA:158,1
DA:159,1
DA:160,1
DA:161,1
DA:162,1
DA:163,1
DA:164,1
DA:165,1
DA:166,1
DA:167,1
DA:168,1
DA:169,2
DA:170,2
DA:171,2
DA:172,2
DA:173,2
DA:174,2
DA:175,2
DA:176,2
DA:177,2
DA:178,1
DA:179,1
DA:180,1
DA:181,1
DA:182,1
DA:183,1
DA:184,1
DA:185,2
DA:186,2
DA:187,1
DA:188,1
DA:189,2
DA:190,2
DA:191,2
DA:192,2
DA:193,2
DA:194,2
DA:195,2
DA:196,2
DA:197,1
DA:198,1
DA:199,1
DA:200,1
DA:201,1
DA:202,2
DA:203,2
DA:204,1
DA:205,1
DA:206,2
DA:207,2
DA:208,1
DA:209,2
DA:210,2
DA:211,1
DA:212,1
DA:213,1
DA:214,1
DA:215,2
DA:216,2
DA:217,1
DA:218,1
DA:219,2
DA:220,2
DA:221,2
DA:222,1
DA:223,1
DA:224,2
DA:225,2
DA:226,1
DA:227,1
DA:228,1
DA:229,1
DA:230,1
DA:231,1
DA:232,1
DA:233,1
DA:234,1
DA:235,1
DA:236,1
DA:237,1
DA:238,1
DA:239,1
DA:240,1
DA:241,1
DA:242,1
DA:243,1
DA:244,1
DA:245,1
DA:246,2
DA:247,2
DA:248,2
DA:249,2
DA:250,1
DA:251,1
DA:252,1
DA:253,1
DA:254,1
DA:255,1
DA:256,1
DA:257,2
DA:258,4
DA:259,4
DA:260,4
DA:261,4
DA:262,4
DA:263,4
DA:264,4
DA:265,4
DA:266,2
DA:267,1
DA:268,1
DA:269,1
DA:270,1
DA:271,1
DA:272,1
DA:273,1
DA:274,1
DA:275,1
DA:276,4
DA:277,4
DA:278,1
DA:279,1
DA:280,1
DA:281,1
DA:282,1
DA:283,1
DA:284,1
DA:285,4
DA:286,4
DA:287,1
DA:288,1
DA:289,4
DA:290,4
DA:291,4
DA:292,1
DA:293,1
DA:294,3
DA:295,3
DA:296,0
DA:297,0
DA:298,0
DA:299,0
DA:300,1
DA:301,1
DA:302,1
DA:303,1
DA:304,1
DA:305,1
DA:306,1
DA:307,1
DA:308,1
DA:309,1
DA:310,1
DA:311,1
DA:312,1
DA:313,1
DA:314,1
DA:315,1
DA:316,2
DA:317,2
DA:318,2
DA:319,2
DA:320,2
DA:321,2
DA:322,2
DA:323,2
DA:324,2
DA:325,2
DA:326,2
DA:327,2
DA:328,2
DA:329,2
DA:330,2
DA:331,2
DA:332,2
DA:333,2
DA:334,2
DA:335,2
DA:336,2
DA:337,2
DA:338,2
DA:339,2
DA:340,2
DA:341,2
DA:342,2
DA:343,2
DA:344,2
DA:345,2
DA:346,2
DA:347,2
DA:348,2
DA:349,2
DA:350,4
DA:351,2
DA:352,2
DA:353,2
DA:354,4
DA:355,2
DA:356,2
DA:357,2
DA:358,2
DA:359,2
DA:360,2
DA:361,2
DA:362,2
DA:363,2
DA:364,2
DA:365,2
DA:366,2
DA:367,2
DA:368,2
DA:369,2
DA:370,2
DA:371,2
DA:372,2
DA:373,2
DA:374,2
DA:375,2
DA:376,2
DA:377,2
DA:378,1
DA:379,0
DA:380,0
DA:381,0
DA:382,0
DA:383,2
DA:384,2
DA:385,2
DA:386,2
DA:387,2
DA:388,2
DA:389,1
DA:390,1
DA:391,1
DA:392,1
DA:393,1
DA:394,1
DA:395,1
DA:396,1
DA:397,1
DA:398,1
DA:399,1
DA:400,5
DA:401,5
DA:402,5
DA:403,5
DA:404,5
DA:405,5
DA:406,5
DA:407,5
DA:408,5
DA:409,5
DA:410,8
DA:411,8
DA:412,5
DA:413,5
DA:414,5
DA:415,5
DA:416,5
DA:417,5
DA:418,5
DA:419,5
DA:420,5
DA:421,5
DA:422,5
DA:423,5
DA:424,8
DA:425,8
DA:426,5
DA:427,5
DA:428,5
DA:429,7
DA:430,7
DA:431,5
DA:432,5
DA:433,5
DA:434,1
LH:426
LF:434
end_of_record
SF:lib/redis-users.js
FN:23,Users
FN:35,getUsers
FN:37,anonymous_2
FN:38,anonymous_3
FN:54,createUser
FN:56,anonymous_5
FN:62,anonymous_6
FN:76,updateUser
FN:78,anonymous_8
FN:86,anonymous_9
FN:95,anonymous_10
FN:108,deleteUser
FN:110,anonymous_12
FN:118,anonymous_13
FN:126,anonymous_14
FNDA:1,Users
FNDA:1,getUsers
FNDA:1,anonymous_2
FNDA:1,anonymous_3
FNDA:3,createUser
FNDA:3,anonymous_5
FNDA:2,anonymous_6
FNDA:4,updateUser
FNDA:4,anonymous_8
FNDA:3,anonymous_9
FNDA:2,anonymous_10
FNDA:3,deleteUser
FNDA:3,anonymous_12
FNDA:2,anonymous_13
FNDA:1,anonymous_14
FNF:15
FNH:15
BRDA:1,0,0,1
BRDA:23,1,0,1
BRDA:35,2,0,1
BRDA:37,3,0,1
BRDA:38,4,0,1
BRDA:54,5,0,3
BRDA:56,6,0,3
BRDA:57,7,0,1
BRDA:59,8,0,2
BRDA:62,9,0,2
BRDA:76,10,0,4
BRDA:78,11,0,4
BRDA:79,12,0,3
BRDA:81,13,0,1
BRDA:86,14,0,3
BRDA:87,15,0,1
BRDA:89,16,0,2
BRDA:91,17,0,1
BRDA:95,18,0,2
BRDA:108,19,0,3
BRDA:110,20,0,3
BRDA:111,21,0,2
BRDA:113,22,0,1
BRDA:118,23,0,2
BRDA:119,24,0,1
BRDA:126,25,0,1
BRF:26
BRH:26
DA:1,1
DA:2,1
DA:3,1
DA:4,1
DA:5,1
DA:6,1
DA:7,1
DA:8,1
DA:9,1
DA:10,1
DA:11,1
DA:12,1
DA:13,1
DA:14,1
DA:15,1
DA:16,1
DA:17,1
DA:18,1
DA:19,1
DA:20,1
DA:21,1
DA:22,1
DA:23,1
DA:24,1
DA:25,1
DA:26,1
DA:27,1
DA:28,1
DA:29,1
DA:30,1
DA:31,1
DA:32,1
DA:33,1
DA:34,1
DA:35,1
DA:36,1
DA:37,1
DA:38,1
DA:39,1
DA:40,1
DA:41,1
DA:42,1
DA:43,1
DA:44,1
DA:45,1
DA:46,1
DA:47,1
DA:48,1
DA:49,1
DA:50,1
DA:51,1
DA:52,1
DA:53,1
DA:54,1
DA:55,3
DA:56,3
DA:57,3
DA:58,1
DA:59,1
DA:60,2
DA:61,3
DA:62,3
DA:63,3
DA:64,1
DA:65,1
DA:66,1
DA:67,1
DA:68,1
DA:69,1
DA:70,1
DA:71,1
DA:72,1
DA:73,1
DA:74,1
DA:75,1
DA:76,1
DA:77,4
DA:78,4
DA:79,4
DA:80,3
DA:81,3
DA:82,1
DA:83,1
DA:84,1
DA:85,4
DA:86,4
DA:87,3
DA:88,1
DA:89,1
DA:90,2
DA:91,2
DA:92,1
DA:93,1
DA:94,4
DA:95,4
DA:96,4
DA:97,1
DA:98,1
DA:99,1
DA:100,1
DA:101,1
DA:102,1
DA:103,1
DA:104,1
DA:105,1
DA:106,1
DA:107,1
DA:108,1
DA:109,3
DA:110,3
DA:111,3
DA:112,2
DA:113,2
DA:114,1
DA:115,1
DA:116,1
DA:117,3
DA:118,3
DA:119,2
DA:120,1
DA:121,1
DA:122,1
DA:123,1
DA:124,1
DA:125,3
DA:126,3
DA:127,3
DA:128,1
LH:128
LF:128
end_of_record
SF:test/redis-leaderboard.test.js
FN:37,anonymous_0
FN:67,anonymous_1
FN:80,loadTestData
FN:456,nodeRunner
FN:459,anonymous_4
FN:461,anonymous_5
FN:474,testMethod
FN:492,anonymous_7
FNDA:1,anonymous_0
FNDA:1,anonymous_1
FNDA:1,loadTestData
FNDA:1,nodeRunner
FNDA:21,anonymous_4
FNDA:21,anonymous_5
FNDA:21,testMethod
FNDA:16,anonymous_7
FNF:8
FNH:8
BRDA:1,0,0,1
BRDA:37,1,0,1
BRDA:60,2,0,0
BRDA:67,3,0,1
BRDA:80,4,0,1
BRDA:456,5,0,1
BRDA:459,6,0,1
BRDA:460,7,0,21
BRDA:461,8,0,21
BRDA:474,9,0,21
BRDA:476,10,0,2
BRDA:478,11,0,0
BRDA:486,12,0,19
BRDA:491,13,0,11
BRDA:493,14,0,8
BRDA:492,15,0,16
BRF:16
BRH:14
DA:1,1
DA:2,1
DA:3,1
DA:4,1
DA:5,1
DA:6,1
DA:7,1
DA:8,1
DA:9,1
DA:10,1
DA:11,1
DA:12,1
DA:13,1
DA:14,1
DA:15,1
DA:16,1
DA:17,1
DA:18,1
DA:19,1
DA:20,1
DA:21,1
DA:22,1
DA:23,1
DA:24,1
DA:25,1
DA:26,1
DA:27,1
DA:28,1
DA:29,1
DA:30,1
DA:31,1
DA:32,1
DA:33,1
DA:34,1
DA:35,1
DA:36,1
DA:37,1
DA:38,1
DA:39,1
DA:40,1
DA:41,1
DA:42,1
DA:43,1
DA:44,1
DA:45,1
DA:46,1
DA:47,1
DA:48,1
DA:49,1
DA:50,1
DA:51,1
DA:52,1
DA:53,1
DA:54,1
DA:55,1
DA:56,1
DA:57,1
DA:58,1
DA:59,1
DA:60,1
DA:64,1
DA:65,1
DA:66,1
DA:67,1
DA:68,1
DA:69,1
DA:70,1
DA:71,1
DA:72,1
DA:73,1
DA:74,1
DA:75,1
DA:76,1
DA:77,1
DA:78,1
DA:79,1
DA:80,1
DA:81,1
DA:82,1
DA:83,1
DA:84,1
DA:85,1
DA:86,1
DA:87,1
DA:88,1
DA:89,1
DA:90,1
DA:91,1
DA:92,1
DA:93,1
DA:94,1
DA:95,1
DA:96,1
DA:97,1
DA:98,1
DA:99,1
DA:100,1
DA:101,1
DA:102,1
DA:103,1
DA:104,1
DA:105,1
DA:106,1
DA:107,1
DA:108,1
DA:109,1
DA:110,1
DA:111,1
DA:112,1
DA:113,1
DA:114,1
DA:115,1
DA:116,1
DA:117,1
DA:118,1
DA:119,1
DA:120,1
DA:121,1
DA:122,1
DA:123,1
DA:124,1
DA:125,1
DA:126,1
DA:127,1
DA:128,1
DA:129,1
DA:130,1
DA:131,1
DA:132,1
DA:133,1
DA:134,1
DA:135,1
DA:136,1
DA:137,1
DA:138,1
DA:139,1
DA:140,1
DA:141,1
DA:142,1
DA:143,1
DA:144,1
DA:145,1
DA:146,1
DA:147,1
DA:148,1
DA:149,1
DA:150,1
DA:151,1
DA:152,1
DA:153,1
DA:154,1
DA:155,1
DA:156,1
DA:157,1
DA:158,1
DA:159,1
DA:160,1
DA:161,1
DA:162,1
DA:163,1
DA:164,1
DA:165,1
DA:166,1
DA:167,1
DA:168,1
DA:169,1
DA:170,1
DA:171,1
DA:172,1
DA:173,1
DA:174,1
DA:175,1
DA:176,1
DA:177,1
DA:178,1
DA:179,1
DA:180,1
DA:181,1
DA:182,1
DA:183,1
DA:184,1
DA:185,1
DA:186,1
DA:187,1
DA:188,1
DA:189,1
DA:190,1
DA:191,1
DA:192,1
DA:193,1
DA:194,1
DA:195,1
DA:196,1
DA:197,1
DA:198,1
DA:199,1
DA:200,1
DA:201,1
DA:202,1
DA:203,1
DA:204,1
DA:205,1
DA:206,1
DA:207,1
DA:208,1
DA:209,1
DA:210,1
DA:211,1
DA:212,1
DA:213,1
DA:214,1
DA:215,1
DA:216,1
DA:217,1
DA:218,1
DA:219,1
DA:220,1
DA:221,1
DA:222,1
DA:223,1
DA:224,1
DA:225,1
DA:226,1
DA:227,1
DA:228,1
DA:229,1
DA:230,1
DA:231,1
DA:232,1
DA:233,1
DA:234,1
DA:235,1
DA:236,1
DA:237,1
DA:238,1
DA:239,1
DA:240,1
DA:241,1
DA:242,1
DA:243,1
DA:244,1
DA:245,1
DA:246,1
DA:247,1
DA:248,1
DA:249,1
DA:250,1
DA:251,1
DA:252,1
DA:253,1
DA:254,1
DA:255,1
DA:256,1
DA:257,1
DA:258,1
DA:259,1
DA:260,1
DA:261,1
DA:262,1
DA:263,1
DA:264,1
DA:265,1
DA:266,1
DA:267,1
DA:268,1
DA:269,1
DA:270,1
DA:271,1
DA:272,1
DA:273,1
DA:274,1
DA:275,1
DA:276,1
DA:277,1
DA:278,1
DA:279,1
DA:280,1
DA:281,1
DA:282,1
DA:283,1
DA:284,1
DA:285,1
DA:286,1
DA:287,1
DA:288,1
DA:289,1
DA:290,1
DA:291,1
DA:292,1
DA:293,1
DA:294,1
DA:295,1
DA:296,1
DA:297,1
DA:298,1
DA:299,1
DA:300,1
DA:301,1
DA:302,1
DA:303,1
DA:304,1
DA:305,1
DA:306,1
DA:307,1
DA:308,1
DA:309,1
DA:310,1
DA:311,1
DA:312,1
DA:313,1
DA:314,1
DA:315,1
DA:316,1
DA:317,1
DA:318,1
DA:319,1
DA:320,1
DA:321,1
DA:322,1
DA:323,1
DA:324,1
DA:325,1
DA:326,1
DA:327,1
DA:328,1
DA:329,1
DA:330,1
DA:331,1
DA:332,1
DA:333,1
DA:334,1
DA:335,1
DA:336,1
DA:337,1
DA:338,1
DA:339,1
DA:340,1
DA:341,1
DA:342,1
DA:343,1
DA:344,1
DA:345,1
DA:346,1
DA:347,1
DA:348,1
DA:349,1
DA:350,1
DA:351,1
DA:352,1
DA:353,1
DA:354,1
DA:355,1
DA:356,1
DA:357,1
DA:358,1
DA:359,1
DA:360,1
DA:361,1
DA:362,1
DA:363,1
DA:364,1
DA:365,1
DA:366,1
DA:367,1
DA:368,1
DA:369,1
DA:370,1
DA:371,1
DA:372,1
DA:373,1
DA:374,1
DA:375,1
DA:376,1
DA:377,1
DA:378,1
DA:379,1
DA:380,1
DA:381,1
DA:382,1
DA:383,1
DA:384,1
DA:385,1
DA:386,1
DA:387,1
DA:388,1
DA:389,1
DA:390,1
DA:391,1
DA:392,1
DA:393,1
DA:394,1
DA:395,1
DA:396,1
DA:397,1
DA:398,1
DA:399,1
DA:400,1
DA:401,1
DA:402,1
DA:403,1
DA:404,1
DA:405,1
DA:406,1
DA:407,1
DA:408,1
DA:409,1
DA:410,1
DA:411,1
DA:412,1
DA:413,1
DA:414,1
DA:415,1
DA:416,1
DA:417,1
DA:418,1
DA:419,1
DA:420,1
DA:421,1
DA:422,1
DA:423,1
DA:424,1
DA:425,1
DA:426,1
DA:427,1
DA:428,1
DA:429,1
DA:430,1
DA:431,1
DA:432,1
DA:433,1
DA:434,1
DA:435,1
DA:436,1
DA:437,1
DA:438,1
DA:439,1
DA:440,1
DA:441,1
DA:442,1
DA:443,1
DA:444,1
DA:445,1
DA:446,1
DA:447,1
DA:448,1
DA:449,1
DA:450,1
DA:451,1
DA:452,1
DA:453,1
DA:454,1
DA:455,1
DA:456,1
DA:457,1
DA:458,1
DA:459,1
DA:460,1
DA:461,21
DA:462,21
DA:463,21
DA:464,21
DA:465,1
DA:466,1
DA:467,1
DA:468,1
DA:469,1
DA:470,1
DA:471,1
DA:472,1
DA:473,1
DA:474,21
DA:475,21
DA:476,21
DA:477,2
DA:478,2
DA:481,2
DA:482,2
DA:483,2
DA:484,2
DA:485,2
DA:486,2
DA:487,19
DA:488,19
DA:489,19
DA:490,19
DA:491,19
DA:492,11
DA:493,11
DA:494,8
DA:495,8
DA:496,8
DA:497,19
DA:498,19
DA:499,19
DA:500,21
LH:500
LF:500
end_of_record
SF:test/redis-users.test.js
FN:37,anonymous_0
FN:67,anonymous_1
FN:79,loadTestData
FN:271,nodeRunner
FN:274,anonymous_4
FN:276,anonymous_5
FN:289,testMethod
FN:307,anonymous_7
FNDA:1,anonymous_0
FNDA:1,anonymous_1
FNDA:1,loadTestData
FNDA:1,nodeRunner
FNDA:11,anonymous_4
FNDA:11,anonymous_5
FNDA:11,testMethod
FNDA:1,anonymous_7
FNF:8
FNH:8
BRDA:1,0,0,1
BRDA:37,1,0,1
BRDA:60,2,0,0
BRDA:67,3,0,1
BRDA:79,4,0,1
BRDA:271,5,0,1
BRDA:274,6,0,1
BRDA:275,7,0,11
BRDA:276,8,0,11
BRDA:289,9,0,11
BRDA:291,10,0,5
BRDA:293,11,0,0
BRDA:301,12,0,6
BRDA:306,13,0,1
BRDA:308,14,0,5
BRDA:307,15,0,1
BRF:16
BRH:14
DA:1,1
DA:2,1
DA:3,1
DA:4,1
DA:5,1
DA:6,1
DA:7,1
DA:8,1
DA:9,1
DA:10,1
DA:11,1
DA:12,1
DA:13,1
DA:14,1
DA:15,1
DA:16,1
DA:17,1
DA:18,1
DA:19,1
DA:20,1
DA:21,1
DA:22,1
DA:23,1
DA:24,1
DA:25,1
DA:26,1
DA:27,1
DA:28,1
DA:29,1
DA:30,1
DA:31,1
DA:32,1
DA:33,1
DA:34,1
DA:35,1
DA:36,1
DA:37,1
DA:38,1
DA:39,1
DA:40,1
DA:41,1
DA:42,1
DA:43,1
DA:44,1
DA:45,1
DA:46,1
DA:47,1
DA:48,1
DA:49,1
DA:50,1
DA:51,1
DA:52,1
DA:53,1
DA:54,1
DA:55,1
DA:56,1
DA:57,1
DA:58,1
DA:59,1
DA:60,1
DA:64,1
DA:65,1
DA:66,1
DA:67,1
DA:68,1
DA:69,1
DA:70,1
DA:71,1
DA:72,1
DA:73,1
DA:74,1
DA:75,1
DA:76,1
DA:77,1
DA:78,1
DA:79,1
DA:80,1
DA:81,1
DA:82,1
DA:83,1
DA:84,1
DA:85,1
DA:86,1
DA:87,1
DA:88,1
DA:89,1
DA:90,1
DA:91,1
DA:92,1
DA:93,1
DA:94,1
DA:95,1
DA:96,1
DA:97,1
DA:98,1
DA:99,1
DA:100,1
DA:101,1
DA:102,1
DA:103,1
DA:104,1
DA:105,1
DA:106,1
DA:107,1
DA:108,1
DA:109,1
DA:110,1
DA:111,1
DA:112,1
DA:113,1
DA:114,1
DA:115,1
DA:116,1
DA:117,1
DA:118,1
DA:119,1
DA:120,1
DA:121,1
DA:122,1
DA:123,1
DA:124,1
DA:125,1
DA:126,1
DA:127,1
DA:128,1
DA:129,1
DA:130,1
DA:131,1
DA:132,1
DA:133,1
DA:134,1
DA:135,1
DA:136,1
DA:137,1
DA:138,1
DA:139,1
DA:140,1
DA:141,1
DA:142,1
DA:143,1
DA:144,1
DA:145,1
DA:146,1
DA:147,1
DA:148,1
DA:149,1
DA:150,1
DA:151,1
DA:152,1
DA:153,1
DA:154,1
DA:155,1
DA:156,1
DA:157,1
DA:158,1
DA:159,1
DA:160,1
DA:161,1
DA:162,1
DA:163,1
DA:164,1
DA:165,1
DA:166,1
DA:167,1
DA:168,1
DA:169,1
DA:170,1
DA:171,1
DA:172,1
DA:173,1
DA:174,1
DA:175,1
DA:176,1
DA:177,1
DA:178,1
DA:179,1
DA:180,1
DA:181,1
DA:182,1
DA:183,1
DA:184,1
DA:185,1
DA:186,1
DA:187,1
DA:188,1
DA:189,1
DA:190,1
DA:191,1
DA:192,1
DA:193,1
DA:194,1
DA:195,1
DA:196,1
DA:197,1
DA:198,1
DA:199,1
DA:200,1
DA:201,1
DA:202,1
DA:203,1
DA:204,1
DA:205,1
DA:206,1
DA:207,1
DA:208,1
DA:209,1
DA:210,1
DA:211,1
DA:212,1
DA:213,1
DA:214,1
DA:215,1
DA:216,1
DA:217,1
DA:218,1
DA:219,1
DA:220,1
DA:221,1
DA:222,1
DA:223,1
DA:224,1
DA:225,1
DA:226,1
DA:227,1
DA:228,1
DA:229,1
DA:230,1
DA:231,1
DA:232,1
DA:233,1
DA:234,1
DA:235,1
DA:236,1
DA:237,1
DA:238,1
DA:239,1
DA:240,1
DA:241,1
DA:242,1
DA:243,1
DA:244,1
DA:245,1
DA:246,1
DA:247,1
DA:248,1
DA:249,1
DA:250,1
DA:251,1
DA:252,1
DA:253,1
DA:254,1
DA:255,1
DA:256,1
DA:257,1
DA:258,1
DA:259,1
DA:260,1
DA:261,1
DA:262,1
DA:263,1
DA:264,1
DA:265,1
DA:266,1
DA:267,1
DA:268,1
DA:269,1
DA:270,1
DA:271,1
DA:272,1
DA:273,1
DA:274,1
DA:275,1
DA:276,11
DA:277,11
DA:278,11
DA:279,11
DA:280,1
DA:281,1
DA:282,1
DA:283,1
DA:284,1
DA:285,1
DA:286,1
DA:287,1
DA:288,1
DA:289,11
DA:290,11
DA:291,11
DA:292,5
DA:293,5
DA:296,5
DA:297,5
DA:298,5
DA:299,5
DA:300,5
DA:301,5
DA:302,6
DA:303,6
DA:304,6
DA:305,6
DA:306,6
DA:307,1
DA:308,1
DA:309,5
DA:310,5
DA:311,5
DA:312,6
DA:313,6
DA:314,6
DA:315,11
LH:315
LF:315
end_of_record
SF:test/route-auth.test.js
FN:51,anonymous_0
FN:60,anonymous_1
FN:71,loadTestData
FN:453,nodeRunner
FN:456,anonymous_4
FN:458,anonymous_5
FN:471,testMethod
FN:472,anonymous_7
FN:482,anonymous_8
FN:484,anonymous_9
FN:488,anonymous_10
FNDA:1,anonymous_0
FNDA:1,anonymous_1
FNDA:1,loadTestData
FNDA:4,nodeRunner
FNDA:22,anonymous_4
FNDA:22,anonymous_5
FNDA:22,testMethod
FNDA:22,anonymous_7
FNDA:22,anonymous_8
FNDA:21,anonymous_9
FNDA:22,anonymous_10
FNF:11
FNH:11
BRDA:1,0,0,1
BRDA:51,1,0,1
BRDA:60,2,0,1
BRDA:71,3,0,1
BRDA:453,4,0,1
BRDA:455,5,0,4
BRDA:456,6,0,4
BRDA:457,7,0,22
BRDA:458,8,0,22
BRDA:471,9,0,22
BRDA:472,10,0,22
BRDA:509,11,0,18
BRDA:513,12,0,4
BRDA:515,13,0,1
BRDA:482,14,0,22
BRDA:484,15,0,21
BRDA:488,16,0,22
BRDA:492,17,0,21
BRDA:493,18,0,18
BRDA:495,19,0,3
BRDA:503,20,0,0
BRF:21
BRH:20
DA:1,1
DA:2,1
DA:3,1
DA:4,1
DA:5,1
DA:6,1
DA:7,1
DA:8,1
DA:9,1
DA:10,1
DA:11,1
DA:12,1
DA:13,1
DA:14,1
DA:15,1
DA:16,1
DA:17,1
DA:18,1
DA:19,1
DA:20,1
DA:21,1
DA:22,1
DA:23,1
DA:24,1
DA:25,1
DA:26,1
DA:27,1
DA:28,1
DA:29,1
DA:30,1
DA:31,1
DA:32,1
DA:33,1
DA:34,1
DA:35,1
DA:36,1
DA:37,1
DA:38,1
DA:39,1
DA:40,1
DA:41,1
DA:42,1
DA:43,1
DA:44,1
DA:45,1
DA:46,1
DA:47,1
DA:48,1
DA:49,1
DA:50,1
DA:51,1
DA:52,1
DA:53,1
DA:54,1
DA:55,1
DA:56,1
DA:57,1
DA:58,1
DA:59,1
DA:60,1
DA:61,1
DA:62,1
DA:63,1
DA:64,1
DA:65,1
DA:66,1
DA:67,1
DA:68,1
DA:69,1
DA:70,1
DA:71,1
DA:72,1
DA:73,1
DA:74,1
DA:75,1
DA:76,1
DA:77,1
DA:78,1
DA:79,1
DA:80,1
DA:81,1
DA:82,1
DA:83,1
DA:84,1
DA:85,1
DA:86,1
DA:87,1
DA:88,1
DA:89,1
DA:90,1
DA:91,1
DA:92,1
DA:93,1
DA:94,1
DA:95,1
DA:96,1
DA:97,1
DA:98,1
DA:99,1
DA:100,1
DA:101,1
DA:102,1
DA:103,1
DA:104,1
DA:105,1
DA:106,1
DA:107,1
DA:108,1
DA:109,1
DA:110,1
DA:111,1
DA:112,1
DA:113,1
DA:114,1
DA:115,1
DA:116,1
DA:117,1
DA:118,1
DA:119,1
DA:120,1
DA:121,1
DA:122,1
DA:123,1
DA:124,1
DA:125,1
DA:126,1
DA:127,1
DA:128,1
DA:129,1
DA:130,1
DA:131,1
DA:132,1
DA:133,1
DA:134,1
DA:135,1
DA:136,1
DA:137,1
DA:138,1
DA:139,1
DA:140,1
DA:141,1
DA:142,1
DA:143,1
DA:144,1
DA:145,1
DA:146,1
DA:147,1
DA:148,1
DA:149,1
DA:150,1
DA:151,1
DA:152,1
DA:153,1
DA:154,1
DA:155,1
DA:156,1
DA:157,1
DA:158,1
DA:159,1
DA:160,1
DA:161,1
DA:162,1
DA:163,1
DA:164,1
DA:165,1
DA:166,1
DA:167,1
DA:168,1
DA:169,1
DA:170,1
DA:171,1
DA:172,1
DA:173,1
DA:174,1
DA:175,1
DA:176,1
DA:177,1
DA:178,1
DA:179,1
DA:180,1
DA:181,1
DA:182,1
DA:183,1
DA:184,1
DA:185,1
DA:186,1
DA:187,1
DA:188,1
DA:189,1
DA:190,1
DA:191,1
DA:192,1
DA:193,1
DA:194,1
DA:195,1
DA:196,1
DA:197,1
DA:198,1
DA:199,1
DA:200,1
DA:201,1
DA:202,1
DA:203,1
DA:204,1
DA:205,1
DA:206,1
DA:207,1
DA:208,1
DA:209,1
DA:210,1
DA:211,1
DA:212,1
DA:213,1
DA:214,1
DA:215,1
DA:216,1
DA:217,1
DA:218,1
DA:219,1
DA:220,1
DA:221,1
DA:222,1
DA:223,1
DA:224,1
DA:225,1
DA:226,1
DA:227,1
DA:228,1
DA:229,1
DA:230,1
DA:231,1
DA:232,1
DA:233,1
DA:234,1
DA:235,1
DA:236,1
DA:237,1
DA:238,1
DA:239,1
DA:240,1
DA:241,1
DA:242,1
DA:243,1
DA:244,1
DA:245,1
DA:246,1
DA:247,1
DA:248,1
DA:249,1
DA:250,1
DA:251,1
DA:252,1
DA:253,1
DA:254,1
DA:255,1
DA:256,1
DA:257,1
DA:258,1
DA:259,1
DA:260,1
DA:261,1
DA:262,1
DA:263,1
DA:264,1
DA:265,1
DA:266,1
DA:267,1
DA:268,1
DA:269,1
DA:270,1
DA:271,1
DA:272,1
DA:273,1
DA:274,1
DA:275,1
DA:276,1
DA:277,1
DA:278,1
DA:279,1
DA:280,1
DA:281,1
DA:282,1
DA:283,1
DA:284,1
DA:285,1
DA:286,1
DA:287,1
DA:288,1
DA:289,1
DA:290,1
DA:291,1
DA:292,1
DA:293,1
DA:294,1
DA:295,1
DA:296,1
DA:297,1
DA:298,1
DA:299,1
DA:300,1
DA:301,1
DA:302,1
DA:303,1
DA:304,1
DA:305,1
DA:306,1
DA:307,1
DA:308,1
DA:309,1
DA:310,1
DA:311,1
DA:312,1
DA:313,1
DA:314,1
DA:315,1
DA:316,1
DA:317,1
DA:318,1
DA:319,1
DA:320,1
DA:321,1
DA:322,1
DA:323,1
DA:324,1
DA:325,1
DA:326,1
DA:327,1
DA:328,1
DA:329,1
DA:330,1
DA:331,1
DA:332,1
DA:333,1
DA:334,1
DA:335,1
DA:336,1
DA:337,1
DA:338,1
DA:339,1
DA:340,1
DA:341,1
DA:342,1
DA:343,1
DA:344,1
DA:345,1
DA:346,1
DA:347,1
DA:348,1
DA:349,1
DA:350,1
DA:351,1
DA:352,1
DA:353,1
DA:354,1
DA:355,1
DA:356,1
DA:357,1
DA:358,1
DA:359,1
DA:360,1
DA:361,1
DA:362,1
DA:363,1
DA:364,1
DA:365,1
DA:366,1
DA:367,1
DA:368,1
DA:369,1
DA:370,1
DA:371,1
DA:372,1
DA:373,1
DA:374,1
DA:375,1
DA:376,1
DA:377,1
DA:378,1
DA:379,1
DA:380,1
DA:381,1
DA:382,1
DA:383,1
DA:384,1
DA:385,1
DA:386,1
DA:387,1
DA:388,1
DA:389,1
DA:390,1
DA:391,1
DA:392,1
DA:393,1
DA:394,1
DA:395,1
DA:396,1
DA:397,1
DA:398,1
DA:399,1
DA:400,1
DA:401,1
DA:402,1
DA:403,1
DA:404,1
DA:405,1
DA:406,1
DA:407,1
DA:408,1
DA:409,1
DA:410,1
DA:411,1
DA:412,1
DA:413,1
DA:414,1
DA:415,1
DA:416,1
DA:417,1
DA:418,1
DA:419,1
DA:420,1
DA:421,1
DA:422,1
DA:423,1
DA:424,1
DA:425,1
DA:426,1
DA:427,1
DA:428,1
DA:429,1
DA:430,1
DA:431,1
DA:432,1
DA:433,1
DA:434,1
DA:435,1
DA:436,1
DA:437,1
DA:438,1
DA:439,1
DA:440,1
DA:441,1
DA:442,1
DA:443,1
DA:444,1
DA:445,1
DA:446,1
DA:447,1
DA:448,1
DA:449,1
DA:450,1
DA:451,1
DA:452,1
DA:453,1
DA:454,1
DA:455,1
DA:456,4
DA:457,4
DA:458,22
DA:459,22
DA:460,22
DA:461,22
DA:462,4
DA:463,4
DA:464,1
DA:465,1
DA:466,1
DA:467,1
DA:468,1
DA:469,1
DA:470,1
DA:471,22
DA:472,22
DA:473,22
DA:474,22
DA:475,22
DA:476,22
DA:477,22
DA:478,22
DA:479,22
DA:480,22
DA:481,22
DA:482,22
DA:483,22
DA:484,22
DA:485,21
DA:486,22
DA:487,22
DA:488,22
DA:489,22
DA:490,22
DA:491,22
DA:492,22
DA:493,21
DA:494,18
DA:495,18
DA:496,3
DA:497,3
DA:498,3
DA:499,3
DA:500,21
DA:501,22
DA:502,22
DA:503,22
DA:506,22
DA:507,22
DA:508,22
DA:509,22
DA:510,18
DA:511,18
DA:512,18
DA:513,18
DA:514,4
DA:515,4
DA:516,1
DA:517,1
DA:518,1
DA:519,22
DA:520,22
DA:521,22
DA:522,22
LH:522
LF:522
end_of_record
SF:test/route-leaderboard.test.js
FN:51,anonymous_0
FN:61,anonymous_1
FN:72,loadTestData
FN:546,nodeRunner
FN:549,anonymous_4
FN:551,anonymous_5
FN:564,testMethod
FN:565,anonymous_7
FN:575,anonymous_8
FN:577,anonymous_9
FN:581,anonymous_10
FN:591,anonymous_11
FNDA:1,anonymous_0
FNDA:1,anonymous_1
FNDA:1,loadTestData
FNDA:2,nodeRunner
FNDA:24,anonymous_4
FNDA:24,anonymous_5
FNDA:24,testMethod
FNDA:24,anonymous_7
FNDA:24,anonymous_8
FNDA:24,anonymous_9
FNDA:24,anonymous_10
FNDA:195,anonymous_11
FNF:12
FNH:12
BRDA:1,0,0,1
BRDA:51,1,0,1
BRDA:61,2,0,1
BRDA:72,3,0,1
BRDA:546,4,0,1
BRDA:548,5,0,2
BRDA:549,6,0,2
BRDA:550,7,0,24
BRDA:551,8,0,24
BRDA:564,9,0,24
BRDA:565,10,0,24
BRDA:603,11,0,22
BRDA:575,12,0,24
BRDA:577,13,0,24
BRDA:581,14,0,24
BRDA:585,15,0,14
BRDA:587,16,0,10
BRDA:597,17,0,0
BRDA:591,18,0,195
BRDA:591,19,0,164
BRDA:591,20,0,31
BRF:21
BRH:20
DA:1,1
DA:2,1
DA:3,1
DA:4,1
DA:5,1
DA:6,1
DA:7,1
DA:8,1
DA:9,1
DA:10,1
DA:11,1
DA:12,1
DA:13,1
DA:14,1
DA:15,1
DA:16,1
DA:17,1
DA:18,1
DA:19,1
DA:20,1
DA:21,1
DA:22,1
DA:23,1
DA:24,1
DA:25,1
DA:26,1
DA:27,1
DA:28,1
DA:29,1
DA:30,1
DA:31,1
DA:32,1
DA:33,1
DA:34,1
DA:35,1
DA:36,1
DA:37,1
DA:38,1
DA:39,1
DA:40,1
DA:41,1
DA:42,1
DA:43,1
DA:44,1
DA:45,1
DA:46,1
DA:47,1
DA:48,1
DA:49,1
DA:50,1
DA:51,1
DA:52,1
DA:53,1
DA:54,1
DA:55,1
DA:56,1
DA:57,1
DA:58,1
DA:59,1
DA:60,1
DA:61,1
DA:62,1
DA:63,1
DA:64,1
DA:65,1
DA:66,1
DA:67,1
DA:68,1
DA:69,1
DA:70,1
DA:71,1
DA:72,1
DA:73,1
DA:74,1
DA:75,1
DA:76,1
DA:77,1
DA:78,1
DA:79,1
DA:80,1
DA:81,1
DA:82,1
DA:83,1
DA:84,1
DA:85,1
DA:86,1
DA:87,1
DA:88,1
DA:89,1
DA:90,1
DA:91,1
DA:92,1
DA:93,1
DA:94,1
DA:95,1
DA:96,1
DA:97,1
DA:98,1
DA:99,1
DA:100,1
DA:101,1
DA:102,1
DA:103,1
DA:104,1
DA:105,1
DA:106,1
DA:107,1
DA:108,1
DA:109,1
DA:110,1
DA:111,1
DA:112,1
DA:113,1
DA:114,1
DA:115,1
DA:116,1
DA:117,1
DA:118,1
DA:119,1
DA:120,1
DA:121,1
DA:122,1
DA:123,1
DA:124,1
DA:125,1
DA:126,1
DA:127,1
DA:128,1
DA:129,1
DA:130,1
DA:131,1
DA:132,1
DA:133,1
DA:134,1
DA:135,1
DA:136,1
DA:137,1
DA:138,1
DA:139,1
DA:140,1
DA:141,1
DA:142,1
DA:143,1
DA:144,1
DA:145,1
DA:146,1
DA:147,1
DA:148,1
DA:149,1
DA:150,1
DA:151,1
DA:152,1
DA:153,1
DA:154,1
DA:155,1
DA:156,1
DA:157,1
DA:158,1
DA:159,1
DA:160,1
DA:161,1
DA:162,1
DA:163,1
DA:164,1
DA:165,1
DA:166,1
DA:167,1
DA:168,1
DA:169,1
DA:170,1
DA:171,1
DA:172,1
DA:173,1
DA:174,1
DA:175,1
DA:176,1
DA:177,1
DA:178,1
DA:179,1
DA:180,1
DA:181,1
DA:182,1
DA:183,1
DA:184,1
DA:185,1
DA:186,1
DA:187,1
DA:188,1
DA:189,1
DA:190,1
DA:191,1
DA:192,1
DA:193,1
DA:194,1
DA:195,1
DA:196,1
DA:197,1
DA:198,1
DA:199,1
DA:200,1
DA:201,1
DA:202,1
DA:203,1
DA:204,1
DA:205,1
DA:206,1
DA:207,1
DA:208,1
DA:209,1
DA:210,1
DA:211,1
DA:212,1
DA:213,1
DA:214,1
DA:215,1
DA:216,1
DA:217,1
DA:218,1
DA:219,1
DA:220,1
DA:221,1
DA:222,1
DA:223,1
DA:224,1
DA:225,1
DA:226,1
DA:227,1
DA:228,1
DA:229,1
DA:230,1
DA:231,1
DA:232,1
DA:233,1
DA:234,1
DA:235,1
DA:236,1
DA:237,1
DA:238,1
DA:239,1
DA:240,1
DA:241,1
DA:242,1
DA:243,1
DA:244,1
DA:245,1
DA:246,1
DA:247,1
DA:248,1
DA:249,1
DA:250,1
DA:251,1
DA:252,1
DA:253,1
DA:254,1
DA:255,1
DA:256,1
DA:257,1
DA:258,1
DA:259,1
DA:260,1
DA:261,1
DA:262,1
DA:263,1
DA:264,1
DA:265,1
DA:266,1
DA:267,1
DA:268,1
DA:269,1
DA:270,1
DA:271,1
DA:272,1
DA:273,1
DA:274,1
DA:275,1
DA:276,1
DA:277,1
DA:278,1
DA:279,1
DA:280,1
DA:281,1
DA:282,1
DA:283,1
DA:284,1
DA:285,1
DA:286,1
DA:287,1
DA:288,1
DA:289,1
DA:290,1
DA:291,1
DA:292,1
DA:293,1
DA:294,1
DA:295,1
DA:296,1
DA:297,1
DA:298,1
DA:299,1
DA:300,1
DA:301,1
DA:302,1
DA:303,1
DA:304,1
DA:305,1
DA:306,1
DA:307,1
DA:308,1
DA:309,1
DA:310,1
DA:311,1
DA:312,1
DA:313,1
DA:314,1
DA:315,1
DA:316,1
DA:317,1
DA:318,1
DA:319,1
DA:320,1
DA:321,1
DA:322,1
DA:323,1
DA:324,1
DA:325,1
DA:326,1
DA:327,1
DA:328,1
DA:329,1
DA:330,1
DA:331,1
DA:332,1
DA:333,1
DA:334,1
DA:335,1
DA:336,1
DA:337,1
DA:338,1
DA:339,1
DA:340,1
DA:341,1
DA:342,1
DA:343,1
DA:344,1
DA:345,1
DA:346,1
DA:347,1
DA:348,1
DA:349,1
DA:350,1
DA:351,1
DA:352,1
DA:353,1
DA:354,1
DA:355,1
DA:356,1
DA:357,1
DA:358,1
DA:359,1
DA:360,1
DA:361,1
DA:362,1
DA:363,1
DA:364,1
DA:365,1
DA:366,1
DA:367,1
DA:368,1
DA:369,1
DA:370,1
DA:371,1
DA:372,1
DA:373,1
DA:374,1
DA:375,1
DA:376,1
DA:377,1
DA:378,1
DA:379,1
DA:380,1
DA:381,1
DA:382,1
DA:383,1
DA:384,1
DA:385,1
DA:386,1
DA:387,1
DA:388,1
DA:389,1
DA:390,1
DA:391,1
DA:392,1
DA:393,1
DA:394,1
DA:395,1
DA:396,1
DA:397,1
DA:398,1
DA:399,1
DA:400,1
DA:401,1
DA:402,1
DA:403,1
DA:404,1
DA:405,1
DA:406,1
DA:407,1
DA:408,1
DA:409,1
DA:410,1
DA:411,1
DA:412,1
DA:413,1
DA:414,1
DA:415,1
DA:416,1
DA:417,1
DA:418,1
DA:419,1
DA:420,1
DA:421,1
DA:422,1
DA:423,1
DA:424,1
DA:425,1
DA:426,1
DA:427,1
DA:428,1
DA:429,1
DA:430,1
DA:431,1
DA:432,1
DA:433,1
DA:434,1
DA:435,1
DA:436,1
DA:437,1
DA:438,1
DA:439,1
DA:440,1
DA:441,1
DA:442,1
DA:443,1
DA:444,1
DA:445,1
DA:446,1
DA:447,1
DA:448,1
DA:449,1
DA:450,1
DA:451,1
DA:452,1
DA:453,1
DA:454,1
DA:455,1
DA:456,1
DA:457,1
DA:458,1
DA:459,1
DA:460,1
DA:461,1
DA:462,1
DA:463,1
DA:464,1
DA:465,1
DA:466,1
DA:467,1
DA:468,1
DA:469,1
DA:470,1
DA:471,1
DA:472,1
DA:473,1
DA:474,1
DA:475,1
DA:476,1
DA:477,1
DA:478,1
DA:479,1
DA:480,1
DA:481,1
DA:482,1
DA:483,1
DA:484,1
DA:485,1
DA:486,1
DA:487,1
DA:488,1
DA:489,1
DA:490,1
DA:491,1
DA:492,1
DA:493,1
DA:494,1
DA:495,1
DA:496,1
DA:497,1
DA:498,1
DA:499,1
DA:500,1
DA:501,1
DA:502,1
DA:503,1
DA:504,1
DA:505,1
DA:506,1
DA:507,1
DA:508,1
DA:509,1
DA:510,1
DA:511,1
DA:512,1
DA:513,1
DA:514,1
DA:515,1
DA:516,1
DA:517,1
DA:518,1
DA:519,1
DA:520,1
DA:521,1
DA:522,1
DA:523,1
DA:524,1
DA:525,1
DA:526,1
DA:527,1
DA:528,1
DA:529,1
DA:530,1
DA:531,1
DA:532,1
DA:533,1
DA:534,1
DA:535,1
DA:536,1
DA:537,1
DA:538,1
DA:539,1
DA:540,1
DA:541,1
DA:542,1
DA:543,1
DA:544,1
DA:545,1
DA:546,1
DA:547,1
DA:548,1
DA:549,2
DA:550,2
DA:551,24
DA:552,24
DA:553,24
DA:554,24
DA:555,2
DA:556,2
DA:557,1
DA:558,1
DA:559,1
DA:560,1
DA:561,1
DA:562,1
DA:563,1
DA:564,24
DA:565,24
DA:566,24
DA:567,24
DA:568,24
DA:569,24
DA:570,24
DA:571,24
DA:572,24
DA:573,24
DA:574,24
DA:575,24
DA:576,24
DA:577,24
DA:578,24
DA:579,24
DA:580,24
DA:581,24
DA:582,24
DA:583,24
DA:584,24
DA:585,24
DA:586,14
DA:587,14
DA:588,10
DA:589,10
DA:590,10
DA:591,10
DA:592,10
DA:593,10
DA:594,10
DA:595,24
DA:596,24
DA:597,24
DA:600,24
DA:601,24
DA:602,24
DA:603,24
DA:604,22
DA:605,22
DA:606,24
DA:607,24
DA:608,24
LH:608
LF:608
end_of_record
SF:test/route-score.test.js
FN:51,anonymous_0
FN:60,anonymous_1
FN:71,loadTestData
FN:401,nodeRunner
FN:404,anonymous_4
FN:406,anonymous_5
FN:419,testMethod
FN:420,anonymous_7
FN:430,anonymous_8
FN:432,anonymous_9
FN:436,anonymous_10
FN:447,anonymous_11
FNDA:1,anonymous_0
FNDA:1,anonymous_1
FNDA:1,loadTestData
FNDA:3,nodeRunner
FNDA:18,anonymous_4
FNDA:18,anonymous_5
FNDA:18,testMethod
FNDA:18,anonymous_7
FNDA:18,anonymous_8
FNDA:15,anonymous_9
FNDA:18,anonymous_10
FNDA:15,anonymous_11
FNF:12
FNH:12
BRDA:1,0,0,1
BRDA:51,1,0,1
BRDA:60,2,0,1
BRDA:71,3,0,1
BRDA:401,4,0,1
BRDA:403,5,0,3
BRDA:404,6,0,3
BRDA:405,7,0,18
BRDA:406,8,0,18
BRDA:419,9,0,18
BRDA:420,10,0,18
BRDA:460,11,0,15
BRDA:464,12,0,9
BRDA:470,13,0,2
BRDA:430,14,0,18
BRDA:432,15,0,15
BRDA:436,16,0,18
BRDA:441,17,0,15
BRDA:443,18,0,3
BRDA:454,19,0,0
BRDA:447,20,0,15
BRDA:447,21,0,12
BRDA:447,22,0,3
BRF:23
BRH:22
DA:1,1
DA:2,1
DA:3,1
DA:4,1
DA:5,1
DA:6,1
DA:7,1
DA:8,1
DA:9,1
DA:10,1
DA:11,1
DA:12,1
DA:13,1
DA:14,1
DA:15,1
DA:16,1
DA:17,1
DA:18,1
DA:19,1
DA:20,1
DA:21,1
DA:22,1
DA:23,1
DA:24,1
DA:25,1
DA:26,1
DA:27,1
DA:28,1
DA:29,1
DA:30,1
DA:31,1
DA:32,1
DA:33,1
DA:34,1
DA:35,1
DA:36,1
DA:37,1
DA:38,1
DA:39,1
DA:40,1
DA:41,1
DA:42,1
DA:43,1
DA:44,1
DA:45,1
DA:46,1
DA:47,1
DA:48,1
DA:49,1
DA:50,1
DA:51,1
DA:52,1
DA:53,1
DA:54,1
DA:55,1
DA:56,1
DA:57,1
DA:58,1
DA:59,1
DA:60,1
DA:61,1
DA:62,1
DA:63,1
DA:64,1
DA:65,1
DA:66,1
DA:67,1
DA:68,1
DA:69,1
DA:70,1
DA:71,1
DA:72,1
DA:73,1
DA:74,1
DA:75,1
DA:76,1
DA:77,1
DA:78,1
DA:79,1
DA:80,1
DA:81,1
DA:82,1
DA:83,1
DA:84,1
DA:85,1
DA:86,1
DA:87,1
DA:88,1
DA:89,1
DA:90,1
DA:91,1
DA:92,1
DA:93,1
DA:94,1
DA:95,1
DA:96,1
DA:97,1
DA:98,1
DA:99,1
DA:100,1
DA:101,1
DA:102,1
DA:103,1
DA:104,1
DA:105,1
DA:106,1
DA:107,1
DA:108,1
DA:109,1
DA:110,1
DA:111,1
DA:112,1
DA:113,1
DA:114,1
DA:115,1
DA:116,1
DA:117,1
DA:118,1
DA:119,1
DA:120,1
DA:121,1
DA:122,1
DA:123,1
DA:124,1
DA:125,1
DA:126,1
DA:127,1
DA:128,1
DA:129,1
DA:130,1
DA:131,1
DA:132,1
DA:133,1
DA:134,1
DA:135,1
DA:136,1
DA:137,1
DA:138,1
DA:139,1
DA:140,1
DA:141,1
DA:142,1
DA:143,1
DA:144,1
DA:145,1
DA:146,1
DA:147,1
DA:148,1
DA:149,1
DA:150,1
DA:151,1
DA:152,1
DA:153,1
DA:154,1
DA:155,1
DA:156,1
DA:157,1
DA:158,1
DA:159,1
DA:160,1
DA:161,1
DA:162,1
DA:163,1
DA:164,1
DA:165,1
DA:166,1
DA:167,1
DA:168,1
DA:169,1
DA:170,1
DA:171,1
DA:172,1
DA:173,1
DA:174,1
DA:175,1
DA:176,1
DA:177,1
DA:178,1
DA:179,1
DA:180,1
DA:181,1
DA:182,1
DA:183,1
DA:184,1
DA:185,1
DA:186,1
DA:187,1
DA:188,1
DA:189,1
DA:190,1
DA:191,1
DA:192,1
DA:193,1
DA:194,1
DA:195,1
DA:196,1
DA:197,1
DA:198,1
DA:199,1
DA:200,1
DA:201,1
DA:202,1
DA:203,1
DA:204,1
DA:205,1
DA:206,1
DA:207,1
DA:208,1
DA:209,1
DA:210,1
DA:211,1
DA:212,1
DA:213,1
DA:214,1
DA:215,1
DA:216,1
DA:217,1
DA:218,1
DA:219,1
DA:220,1
DA:221,1
DA:222,1
DA:223,1
DA:224,1
DA:225,1
DA:226,1
DA:227,1
DA:228,1
DA:229,1
DA:230,1
DA:231,1
DA:232,1
DA:233,1
DA:234,1
DA:235,1
DA:236,1
DA:237,1
DA:238,1
DA:239,1
DA:240,1
DA:241,1
DA:242,1
DA:243,1
DA:244,1
DA:245,1
DA:246,1
DA:247,1
DA:248,1
DA:249,1
DA:250,1
DA:251,1
DA:252,1
DA:253,1
DA:254,1
DA:255,1
DA:256,1
DA:257,1
DA:258,1
DA:259,1
DA:260,1
DA:261,1
DA:262,1
DA:263,1
DA:264,1
DA:265,1
DA:266,1
DA:267,1
DA:268,1
DA:269,1
DA:270,1
DA:271,1
DA:272,1
DA:273,1
DA:274,1
DA:275,1
DA:276,1
DA:277,1
DA:278,1
DA:279,1
DA:280,1
DA:281,1
DA:282,1
DA:283,1
DA:284,1
DA:285,1
DA:286,1
DA:287,1
DA:288,1
DA:289,1
DA:290,1
DA:291,1
DA:292,1
DA:293,1
DA:294,1
DA:295,1
DA:296,1
DA:297,1
DA:298,1
DA:299,1
DA:300,1
DA:301,1
DA:302,1
DA:303,1
DA:304,1
DA:305,1
DA:306,1
DA:307,1
DA:308,1
DA:309,1
DA:310,1
DA:311,1
DA:312,1
DA:313,1
DA:314,1
DA:315,1
DA:316,1
DA:317,1
DA:318,1
DA:319,1
DA:320,1
DA:321,1
DA:322,1
DA:323,1
DA:324,1
DA:325,1
DA:326,1
DA:327,1
DA:328,1
DA:329,1
DA:330,1
DA:331,1
DA:332,1
DA:333,1
DA:334,1
DA:335,1
DA:336,1
DA:337,1
DA:338,1
DA:339,1
DA:340,1
DA:341,1
DA:342,1
DA:343,1
DA:344,1
DA:345,1
DA:346,1
DA:347,1
DA:348,1
DA:349,1
DA:350,1
DA:351,1
DA:352,1
DA:353,1
DA:354,1
DA:355,1
DA:356,1
DA:357,1
DA:358,1
DA:359,1
DA:360,1
DA:361,1
DA:362,1
DA:363,1
DA:364,1
DA:365,1
DA:366,1
DA:367,1
DA:368,1
DA:369,1
DA:370,1
DA:371,1
DA:372,1
DA:373,1
DA:374,1
DA:375,1
DA:376,1
DA:377,1
DA:378,1
DA:379,1
DA:380,1
DA:381,1
DA:382,1
DA:383,1
DA:384,1
DA:385,1
DA:386,1
DA:387,1
DA:388,1
DA:389,1
DA:390,1
DA:391,1
DA:392,1
DA:393,1
DA:394,1
DA:395,1
DA:396,1
DA:397,1
DA:398,1
DA:399,1
DA:400,1
DA:401,1
DA:402,1
DA:403,1
DA:404,3
DA:405,3
DA:406,18
DA:407,18
DA:408,18
DA:409,18
DA:410,3
DA:411,3
DA:412,1
DA:413,1
DA:414,1
DA:415,1
DA:416,1
DA:417,1
DA:418,1
DA:419,18
DA:420,18
DA:421,18
DA:422,18
DA:423,18
DA:424,18
DA:425,18
DA:426,18
DA:427,18
DA:428,18
DA:429,18
DA:430,18
DA:431,18
DA:432,18
DA:433,15
DA:434,18
DA:435,18
DA:436,18
DA:437,18
DA:438,18
DA:439,18
DA:440,18
DA:441,18
DA:442,15
DA:443,15
DA:444,3
DA:445,3
DA:446,3
DA:447,3
DA:448,3
DA:449,3
DA:450,3
DA:451,18
DA:452,18
DA:453,18
DA:454,18
DA:457,18
DA:458,18
DA:459,18
DA:460,18
DA:461,15
DA:462,15
DA:463,18
DA:464,18
DA:465,9
DA:466,9
DA:467,9
DA:468,9
DA:469,9
DA:470,9
DA:471,2
DA:472,2
DA:473,2
DA:474,18
DA:475,18
DA:476,18
LH:476
LF:476
end_of_record
SF:test/test-data.js
FN:29,<instance_members_initializer>
FN:56,TestData
FN:71,createTestUsers
FN:94,createTestActivities
FN:125,get testUsers
FN:136,get testActivities
FN:147,registerTestUsers
FN:149,anonymous_7
FN:149,anonymous_8
FN:153,anonymous_9
FN:156,anonymous_10
FN:160,anonymous_11
FN:184,unregisterTestUsers
FN:186,anonymous_13
FN:186,anonymous_14
FN:190,anonymous_15
FN:192,anonymous_16
FN:195,anonymous_17
FN:220,registerTestActivities
FN:222,anonymous_19
FN:222,anonymous_20
FN:226,anonymous_21
FN:229,anonymous_22
FN:233,anonymous_23
FNDA:3,<instance_members_initializer>
FNDA:3,TestData
FNDA:7,createTestUsers
FNDA:17,createTestActivities
FNDA:3,get testUsers
FNDA:0,get testActivities
FNDA:3,registerTestUsers
FNDA:9,anonymous_7
FNDA:9,anonymous_8
FNDA:9,anonymous_9
FNDA:9,anonymous_10
FNDA:9,anonymous_11
FNDA:6,unregisterTestUsers
FNDA:18,anonymous_13
FNDA:18,anonymous_14
FNDA:18,anonymous_15
FNDA:9,anonymous_16
FNDA:18,anonymous_17
FNDA:1,registerTestActivities
FNDA:9,anonymous_19
FNDA:9,anonymous_20
FNDA:9,anonymous_21
FNDA:9,anonymous_22
FNDA:9,anonymous_23
FNF:24
FNH:23
BRDA:1,0,0,3
BRDA:29,1,0,3
BRDA:31,2,0,0
BRDA:56,3,0,3
BRDA:71,4,0,3
BRDA:80,5,0,7
BRDA:94,6,0,3
BRDA:104,7,0,7
BRDA:106,8,0,17
BRDA:125,9,0,3
BRDA:147,10,0,3
BRDA:149,11,0,9
BRDA:149,12,0,9
BRDA:152,13,0,0
BRDA:153,14,0,9
BRDA:156,15,0,9
BRDA:160,16,0,9
BRDA:164,17,0,0
BRDA:184,18,0,6
BRDA:186,19,0,18
BRDA:186,20,0,18
BRDA:189,21,0,0
BRDA:190,22,0,18
BRDA:192,23,0,9
BRDA:195,24,0,18
BRDA:196,25,0,9
BRDA:220,26,0,1
BRDA:222,27,0,9
BRDA:222,28,0,9
BRDA:225,29,0,0
BRDA:226,30,0,9
BRDA:229,31,0,9
BRDA:233,32,0,9
BRDA:236,33,0,0
BRF:34
BRH:28
DA:1,3
DA:2,3
DA:3,3
DA:4,3
DA:5,3
DA:6,3
DA:7,3
DA:8,3
DA:9,3
DA:10,3
DA:11,3
DA:12,3
DA:13,3
DA:14,3
DA:15,3
DA:16,3
DA:17,3
DA:18,3
DA:19,3
DA:20,3
DA:21,3
DA:22,3
DA:23,3
DA:24,3
DA:25,3
DA:26,3
DA:27,3
DA:28,3
DA:29,3
DA:30,3
DA:31,3
DA:32,3
DA:33,3
DA:34,3
DA:35,3
DA:36,3
DA:37,3
DA:38,3
DA:39,3
DA:40,3
DA:41,3
DA:42,3
DA:43,3
DA:44,3
DA:45,3
DA:46,3
DA:47,3
DA:48,3
DA:49,3
DA:50,3
DA:51,3
DA:52,3
DA:53,3
DA:54,3
DA:55,3
DA:56,3
DA:57,3
DA:58,3
DA:59,3
DA:60,3
DA:61,3
DA:62,3
DA:63,3
DA:64,3
DA:65,3
DA:66,3
DA:67,3
DA:68,3
DA:69,3
DA:70,3
DA:71,3
DA:72,3
DA:73,3
DA:74,3
DA:75,3
DA:76,3
DA:77,3
DA:78,3
DA:79,3
DA:80,3
DA:81,7
DA:82,7
DA:83,7
DA:84,7
DA:85,7
DA:86,3
DA:87,3
DA:88,3
DA:89,3
DA:90,3
DA:91,3
DA:92,3
DA:93,3
DA:94,3
DA:95,3
DA:96,3
DA:97,3
DA:98,3
DA:99,3
DA:100,3
DA:101,3
DA:102,3
DA:103,3
DA:104,3
DA:105,7
DA:106,7
DA:107,17
DA:108,17
DA:109,17
DA:110,17
DA:111,17
DA:112,17
DA:113,7
DA:114,7
DA:115,3
DA:116,3
DA:117,3
DA:118,3
DA:119,3
DA:120,3
DA:121,3
DA:122,3
DA:123,3
DA:124,3
DA:125,3
DA:126,3
DA:127,3
DA:128,3
DA:129,3
DA:130,3
DA:131,3
DA:132,3
DA:133,3
DA:134,3
DA:135,3
DA:136,3
DA:137,0
DA:138,0
DA:139,3
DA:140,3
DA:141,3
DA:142,3
DA:143,3
DA:144,3
DA:145,3
DA:146,3
DA:147,3
DA:148,3
DA:149,3
DA:150,9
DA:151,9
DA:152,9
DA:153,9
DA:154,9
DA:155,9
DA:156,9
DA:157,9
DA:158,9
DA:159,9
DA:160,9
DA:161,9
DA:162,9
DA:163,9
DA:164,9
DA:165,0
DA:166,0
DA:167,0
DA:168,9
DA:169,9
DA:170,9
DA:171,9
DA:172,9
DA:173,9
DA:174,3
DA:175,3
DA:176,3
DA:177,3
DA:178,3
DA:179,3
DA:180,3
DA:181,3
DA:182,3
DA:183,3
DA:184,3
DA:185,6
DA:186,6
DA:187,18
DA:188,18
DA:189,18
DA:190,18
DA:191,18
DA:192,18
DA:193,18
DA:194,18
DA:195,18
DA:196,18
DA:197,9
DA:198,9
DA:199,9
DA:200,9
DA:201,9
DA:202,18
DA:203,18
DA:204,18
DA:205,18
DA:206,18
DA:207,18
DA:208,18
DA:209,18
DA:210,6
DA:211,6
DA:212,3
DA:213,3
DA:214,3
DA:215,3
DA:216,3
DA:217,3
DA:218,3
DA:219,3
DA:220,3
DA:221,1
DA:222,1
DA:223,9
DA:224,9
DA:225,9
DA:226,9
DA:227,9
DA:228,9
DA:229,9
DA:230,9
DA:231,9
DA:232,9
DA:233,9
DA:234,9
DA:235,9
DA:236,9
DA:237,0
DA:238,0
DA:239,0
DA:240,9
DA:241,9
DA:242,9
DA:243,9
DA:244,9
DA:245,9
DA:246,9
DA:247,9
DA:248,9
DA:249,9
DA:250,9
DA:251,9
DA:252,1
DA:253,1
DA:254,3
LH:246
LF:254
end_of_record
